This file contains any messages produced by compilers while
running configure, to aid debugging if configure makes a mistake.

It was created by openglad configure 0.98, which was
generated by GNU Autoconf 2.57.  Invocation command line was

  $ ./configure 

## --------- ##
## Platform. ##
## --------- ##

hostname = sark
uname -m = x86_64
uname -r = 2.6.35.14-106.fc14.x86_64
uname -s = Linux
uname -v = #1 SMP Wed Nov 23 13:07:52 UTC 2011

/usr/bin/uname -p = unknown
/bin/uname -X     = unknown

/bin/arch              = x86_64
/usr/bin/arch -k       = unknown
/usr/convex/getsysinfo = unknown
hostinfo               = unknown
/bin/machine           = unknown
/usr/bin/oslevel       = unknown
/bin/universe          = unknown

PATH: /usr/lib64/ccache
PATH: /usr/local/bin
PATH: /usr/bin
PATH: /bin
PATH: /usr/local/sbin
PATH: /usr/sbin
PATH: /sbin
PATH: /home/sark/bin


## ----------- ##
## Core tests. ##
## ----------- ##

configure:1336: checking for a BSD-compatible install
configure:1390: result: /usr/bin/install -c
configure:1401: checking whether build environment is sane
configure:1444: result: yes
configure:1478: checking for gawk
configure:1494: found /usr/bin/gawk
configure:1504: result: gawk
configure:1514: checking whether make sets $(MAKE)
configure:1534: result: yes
configure:1713: checking for g++
configure:1729: found /usr/lib64/ccache/g++
configure:1739: result: g++
configure:1755: checking for C++ compiler version
configure:1758: g++ --version </dev/null >&5
g++ (GCC) 4.5.1 20100924 (Red Hat 4.5.1-4)
Copyright (C) 2010 Free Software Foundation, Inc.
This is free software; see the source for copying conditions.  There is NO
warranty; not even for MERCHANTABILITY or FITNESS FOR A PARTICULAR PURPOSE.

configure:1761: $? = 0
configure:1763: g++ -v </dev/null >&5
Using built-in specs.
COLLECT_GCC=/usr/bin/g++
COLLECT_LTO_WRAPPER=/usr/libexec/gcc/x86_64-redhat-linux/4.5.1/lto-wrapper
Target: x86_64-redhat-linux
Configured with: ../configure --prefix=/usr --mandir=/usr/share/man --infodir=/usr/share/info --with-bugurl=http://bugzilla.redhat.com/bugzilla --enable-bootstrap --enable-shared --enable-threads=posix --enable-checking=release --with-system-zlib --enable-__cxa_atexit --disable-libunwind-exceptions --enable-gnu-unique-object --enable-linker-build-id --enable-languages=c,c++,objc,obj-c++,java,fortran,ada,lto --enable-plugin --enable-java-awt=gtk --disable-dssi --with-java-home=/usr/lib/jvm/java-1.5.0-gcj-1.5.0.0/jre --enable-libgcj-multifile --enable-java-maintainer-mode --with-ecj-jar=/usr/share/java/eclipse-ecj.jar --disable-libjava-multilib --with-ppl --with-cloog --with-tune=generic --with-arch_32=i686 --build=x86_64-redhat-linux
Thread model: posix
gcc version 4.5.1 20100924 (Red Hat 4.5.1-4) (GCC) 
configure:1766: $? = 0
configure:1768: g++ -V </dev/null >&5
g++: '-V' option must have argument
configure:1771: $? = 1
configure:1795: checking for C++ compiler default output
configure:1798: g++    conftest.cc  >&5
configure:1801: $? = 0
configure:1847: result: a.out
configure:1852: checking whether the C++ compiler works
configure:1858: ./a.out
configure:1861: $? = 0
configure:1878: result: yes
configure:1885: checking whether we are cross compiling
configure:1887: result: no
configure:1890: checking for suffix of executables
configure:1892: g++ -o conftest    conftest.cc  >&5
configure:1895: $? = 0
configure:1920: result: 
configure:1926: checking for suffix of object files
configure:1948: g++ -c   conftest.cc >&5
configure:1951: $? = 0
configure:1973: result: o
configure:1977: checking whether we are using the GNU C++ compiler
configure:2002: g++ -c   conftest.cc >&5
configure:2005: $? = 0
configure:2008: test -s conftest.o
configure:2011: $? = 0
configure:2024: result: yes
configure:2030: checking whether g++ accepts -g
configure:2052: g++ -c -g  conftest.cc >&5
configure:2055: $? = 0
configure:2058: test -s conftest.o
configure:2061: $? = 0
configure:2072: result: yes
configure:2116: g++ -c -g -O2  conftest.cc >&5
configure:2119: $? = 0
configure:2122: test -s conftest.o
configure:2125: $? = 0
configure:2152: g++ -c -g -O2  conftest.cc >&5
configure: In function 'int main()':
configure:2151:9: error: 'exit' was not declared in this scope
configure:2155: $? = 1
configure: failed program was:
| #line 2135 "configure"
| /* confdefs.h.  */
| 
| #define PACKAGE_NAME "openglad"
| #define PACKAGE_TARNAME "openglad"
| #define PACKAGE_VERSION "0.98"
| #define PACKAGE_STRING "openglad 0.98"
| #define PACKAGE_BUGREPORT ""
| #define PACKAGE "openglad"
| #define VERSION "0.98"
| #define SYSCONFDIR "/usr/local/etc/"
| #define DATADIR "/usr/local/share/games/openglad/"
| /* end confdefs.h.  */
| 
| int
| main ()
| {
| exit (42);
|   ;
|   return 0;
| }
configure:2116: g++ -c -g -O2  conftest.cc >&5
configure:2119: $? = 0
configure:2122: test -s conftest.o
configure:2125: $? = 0
configure:2152: g++ -c -g -O2  conftest.cc >&5
configure:2155: $? = 0
configure:2158: test -s conftest.o
configure:2161: $? = 0
configure:2192: checking for style of include used by make
configure:2220: result: GNU
configure:2227: checking dependency style of g++
configure:2289: result: gcc3
configure:2340: checking for gcc
configure:2356: found /usr/lib64/ccache/gcc
configure:2366: result: gcc
configure:2610: checking for C compiler version
configure:2613: gcc --version </dev/null >&5
gcc (GCC) 4.5.1 20100924 (Red Hat 4.5.1-4)
Copyright (C) 2010 Free Software Foundation, Inc.
This is free software; see the source for copying conditions.  There is NO
warranty; not even for MERCHANTABILITY or FITNESS FOR A PARTICULAR PURPOSE.

configure:2616: $? = 0
configure:2618: gcc -v </dev/null >&5
Using built-in specs.
COLLECT_GCC=/usr/bin/gcc
COLLECT_LTO_WRAPPER=/usr/libexec/gcc/x86_64-redhat-linux/4.5.1/lto-wrapper
Target: x86_64-redhat-linux
Configured with: ../configure --prefix=/usr --mandir=/usr/share/man --infodir=/usr/share/info --with-bugurl=http://bugzilla.redhat.com/bugzilla --enable-bootstrap --enable-shared --enable-threads=posix --enable-checking=release --with-system-zlib --enable-__cxa_atexit --disable-libunwind-exceptions --enable-gnu-unique-object --enable-linker-build-id --enable-languages=c,c++,objc,obj-c++,java,fortran,ada,lto --enable-plugin --enable-java-awt=gtk --disable-dssi --with-java-home=/usr/lib/jvm/java-1.5.0-gcj-1.5.0.0/jre --enable-libgcj-multifile --enable-java-maintainer-mode --with-ecj-jar=/usr/share/java/eclipse-ecj.jar --disable-libjava-multilib --with-ppl --with-cloog --with-tune=generic --with-arch_32=i686 --build=x86_64-redhat-linux
Thread model: posix
gcc version 4.5.1 20100924 (Red Hat 4.5.1-4) (GCC) 
configure:2621: $? = 0
configure:2623: gcc -V </dev/null >&5
gcc: '-V' option must have argument
configure:2626: $? = 1
configure:2629: checking whether we are using the GNU C compiler
configure:2654: gcc -c   conftest.c >&5
configure:2657: $? = 0
configure:2660: test -s conftest.o
configure:2663: $? = 0
configure:2676: result: yes
configure:2682: checking whether gcc accepts -g
configure:2704: gcc -c -g  conftest.c >&5
configure:2707: $? = 0
configure:2710: test -s conftest.o
configure:2713: $? = 0
configure:2724: result: yes
configure:2741: checking for gcc option to accept ANSI C
configure:2802: gcc  -c -g -O2  conftest.c >&5
configure:2805: $? = 0
configure:2808: test -s conftest.o
configure:2811: $? = 0
configure:2829: result: none needed
configure:2847: gcc -c -g -O2  conftest.c >&5
conftest.c:2:9: error: expected '=', ',', ';', 'asm' or '__attribute__' before 'me'
configure:2850: $? = 1
configure: failed program was:
| #ifndef __cplusplus
|   choke me
| #endif
configure:2961: checking dependency style of gcc
configure:3023: result: gcc3
configure:3028: checking whether make sets $(MAKE)
configure:3048: result: yes
configure:3066: checking build system type
configure:3084: result: x86_64-unknown-linux-gnu
configure:3092: checking host system type
configure:3106: result: x86_64-unknown-linux-gnu
configure:3114: checking target system type
configure:3128: result: x86_64-unknown-linux-gnu
configure:3184: checking for sdl-config
configure:3202: found /usr/bin/sdl-config
configure:3215: result: /usr/bin/sdl-config
configure:3223: checking for SDL - version >= 1.2.0
configure:3314: gcc -o conftest -g -O2 -I/usr/include/SDL -D_GNU_SOURCE=1 -D_REENTRANT   conftest.c  -lSDL -lpthread >&5
configure:3317: $? = 0
configure:3319: ./conftest
configure:3322: $? = 0
configure:3340: result: yes
configure:3430: checking for Mix_OpenAudio in -lSDL_mixer
configure:3461: gcc -o conftest -g -O2   conftest.c -lSDL_mixer   -lSDL -lpthread >&5
/usr/bin/ld: cannot find -lSDL_mixer
collect2: ld returned 1 exit status
configure:3464: $? = 1
configure: failed program was:
| #line 3437 "configure"
| /* confdefs.h.  */
| 
| #define PACKAGE_NAME "openglad"
| #define PACKAGE_TARNAME "openglad"
| #define PACKAGE_VERSION "0.98"
| #define PACKAGE_STRING "openglad 0.98"
| #define PACKAGE_BUGREPORT ""
| #define PACKAGE "openglad"
| #define VERSION "0.98"
| #define SYSCONFDIR "/usr/local/etc/"
| #define DATADIR "/usr/local/share/games/openglad/"
| #ifdef __cplusplus
| #include <stdlib.h>
| #endif
| /* end confdefs.h.  */
| 
| /* Override any gcc2 internal prototype to avoid an error.  */
| #ifdef __cplusplus
| extern "C"
| #endif
| /* We use char because int might match the return type of a gcc2
|    builtin and then its argument prototype would still apply.  */
| char Mix_OpenAudio ();
| int
| main ()
| {
| Mix_OpenAudio ();
|   ;
|   return 0;
| }
configure:3482: result: no
configure:3495: checking how to run the C preprocessor
configure:3531: gcc -E  conftest.c
configure:3537: $? = 0
configure:3569: gcc -E  conftest.c
configure:3575:28: fatal error: ac_nonexistent.h: No such file or directory
compilation terminated.
configure:3575: $? = 1
configure: failed program was:
| #line 3560 "configure"
| /* confdefs.h.  */
| 
| #define PACKAGE_NAME "openglad"
| #define PACKAGE_TARNAME "openglad"
| #define PACKAGE_VERSION "0.98"
| #define PACKAGE_STRING "openglad 0.98"
| #define PACKAGE_BUGREPORT ""
| #define PACKAGE "openglad"
| #define VERSION "0.98"
| #define SYSCONFDIR "/usr/local/etc/"
| #define DATADIR "/usr/local/share/games/openglad/"
| #ifdef __cplusplus
| #include <stdlib.h>
| #endif
| /* end confdefs.h.  */
| #include <ac_nonexistent.h>
configure:3613: result: gcc -E
configure:3638: gcc -E  conftest.c
configure:3644: $? = 0
configure:3676: gcc -E  conftest.c
configure:3682:28: fatal error: ac_nonexistent.h: No such file or directory
compilation terminated.
configure:3682: $? = 1
configure: failed program was:
| #line 3667 "configure"
| /* confdefs.h.  */
| 
| #define PACKAGE_NAME "openglad"
| #define PACKAGE_TARNAME "openglad"
| #define PACKAGE_VERSION "0.98"
| #define PACKAGE_STRING "openglad 0.98"
| #define PACKAGE_BUGREPORT ""
| #define PACKAGE "openglad"
| #define VERSION "0.98"
| #define SYSCONFDIR "/usr/local/etc/"
| #define DATADIR "/usr/local/share/games/openglad/"
| #ifdef __cplusplus
| #include <stdlib.h>
| #endif
| /* end confdefs.h.  */
| #include <ac_nonexistent.h>
configure:3725: checking for egrep
configure:3735: result: grep -E
configure:3740: checking for ANSI C header files
configure:3766: gcc -c -g -O2  conftest.c >&5
configure:3769: $? = 0
configure:3772: test -s conftest.o
configure:3775: $? = 0
configure:3867: gcc -o conftest -g -O2   conftest.c  -lSDL -lpthread >&5
configure: In function 'main':
configure:3867:7: warning: incompatible implicit declaration of built-in function 'exit'
configure:3870: $? = 0
configure:3872: ./conftest
configure:3875: $? = 0
configure:3890: result: yes
configure:3914: checking for sys/types.h
configure:3931: gcc -c -g -O2  conftest.c >&5
configure:3934: $? = 0
configure:3937: test -s conftest.o
configure:3940: $? = 0
configure:3951: result: yes
configure:3914: checking for sys/stat.h
configure:3931: gcc -c -g -O2  conftest.c >&5
configure:3934: $? = 0
configure:3937: test -s conftest.o
configure:3940: $? = 0
configure:3951: result: yes
configure:3914: checking for stdlib.h
configure:3931: gcc -c -g -O2  conftest.c >&5
configure:3934: $? = 0
configure:3937: test -s conftest.o
configure:3940: $? = 0
configure:3951: result: yes
configure:3914: checking for string.h
configure:3931: gcc -c -g -O2  conftest.c >&5
configure:3934: $? = 0
configure:3937: test -s conftest.o
configure:3940: $? = 0
configure:3951: result: yes
configure:3914: checking for memory.h
configure:3931: gcc -c -g -O2  conftest.c >&5
configure:3934: $? = 0
configure:3937: test -s conftest.o
configure:3940: $? = 0
configure:3951: result: yes
configure:3914: checking for strings.h
configure:3931: gcc -c -g -O2  conftest.c >&5
configure:3934: $? = 0
configure:3937: test -s conftest.o
configure:3940: $? = 0
configure:3951: result: yes
configure:3914: checking for inttypes.h
configure:3931: gcc -c -g -O2  conftest.c >&5
configure:3934: $? = 0
configure:3937: test -s conftest.o
configure:3940: $? = 0
configure:3951: result: yes
configure:3914: checking for stdint.h
configure:3931: gcc -c -g -O2  conftest.c >&5
configure:3934: $? = 0
configure:3937: test -s conftest.o
configure:3940: $? = 0
configure:3951: result: yes
configure:3914: checking for unistd.h
configure:3931: gcc -c -g -O2  conftest.c >&5
configure:3934: $? = 0
configure:3937: test -s conftest.o
configure:3940: $? = 0
configure:3951: result: yes
configure:3979: checking malloc.h usability
configure:3992: gcc -c -g -O2  conftest.c >&5
configure:3995: $? = 0
configure:3998: test -s conftest.o
configure:4001: $? = 0
configure:4011: result: yes
configure:4015: checking malloc.h presence
configure:4026: gcc -E  conftest.c
configure:4032: $? = 0
configure:4051: result: yes
configure:4087: checking for malloc.h
configure:4094: result: yes
configure:3970: checking for stdlib.h
configure:3975: result: yes
configure:3970: checking for string.h
configure:3975: result: yes
configure:4109: checking whether struct tm is in sys/time.h or time.h
configure:4133: gcc -c -g -O2  conftest.c >&5
configure:4136: $? = 0
configure:4139: test -s conftest.o
configure:4142: $? = 0
configure:4153: result: time.h
configure:4170: checking for stdlib.h
configure:4175: result: yes
configure:4307: checking for GNU libc compatible malloc
configure:4337: gcc -o conftest -g -O2   conftest.c  -lSDL -lpthread >&5
configure:4340: $? = 0
configure:4342: ./conftest
configure:4345: $? = 0
configure:4359: result: yes
configure:4387: checking for memset
configure:4437: gcc -o conftest -g -O2   conftest.c  -lSDL -lpthread >&5
configure:4438:6: warning: conflicting types for built-in function 'memset'
configure:4440: $? = 0
configure:4443: test -s conftest
configure:4446: $? = 0
configure:4457: result: yes
configure:4387: checking for pow
configure:4437: gcc -o conftest -g -O2   conftest.c  -lSDL -lpthread >&5
configure:4439:6: warning: conflicting types for built-in function 'pow'
/usr/bin/ld: /tmp/ccdu8mxQ.o: undefined reference to symbol 'pow@@GLIBC_2.2.5'
/usr/bin/ld: note: 'pow@@GLIBC_2.2.5' is defined in DSO /lib64/libm.so.6 so try adding it to the linker command line
/lib64/libm.so.6: could not read symbols: Invalid operation
collect2: ld returned 1 exit status
configure:4440: $? = 1
configure: failed program was:
| #line 4392 "configure"
| /* confdefs.h.  */
| 
| #define PACKAGE_NAME "openglad"
| #define PACKAGE_TARNAME "openglad"
| #define PACKAGE_VERSION "0.98"
| #define PACKAGE_STRING "openglad 0.98"
| #define PACKAGE_BUGREPORT ""
| #define PACKAGE "openglad"
| #define VERSION "0.98"
| #define SYSCONFDIR "/usr/local/etc/"
| #define DATADIR "/usr/local/share/games/openglad/"
| #ifdef __cplusplus
| #include <stdlib.h>
| #endif
| #define STDC_HEADERS 1
| #define HAVE_SYS_TYPES_H 1
| #define HAVE_SYS_STAT_H 1
| #define HAVE_STDLIB_H 1
| #define HAVE_STRING_H 1
| #define HAVE_MEMORY_H 1
| #define HAVE_STRINGS_H 1
| #define HAVE_INTTYPES_H 1
| #define HAVE_STDINT_H 1
| #define HAVE_UNISTD_H 1
| #define HAVE_MALLOC_H 1
| #define HAVE_STDLIB_H 1
| #define HAVE_STRING_H 1
| #define HAVE_STDLIB_H 1
| #define HAVE_MALLOC 1
| #define HAVE_MEMSET 1
| /* end confdefs.h.  */
| /* System header to define __stub macros and hopefully few prototypes,
|     which can conflict with char pow (); below.
|     Prefer <limits.h> to <assert.h> if __STDC__ is defined, since
|     <limits.h> exists even on freestanding compilers.  */
| #ifdef __STDC__
| # include <limits.h>
| #else
| # include <assert.h>
| #endif
| /* Override any gcc2 internal prototype to avoid an error.  */
| #ifdef __cplusplus
| extern "C"
| {
| #endif
| /* We use char because int might match the return type of a gcc2
|    builtin and then its argument prototype would still apply.  */
| char pow ();
| /* The GNU C library defines this for functions which it implements
|     to always fail with ENOSYS.  Some functions are actually named
|     something starting with __ and the normal name is an alias.  */
| #if defined (__stub_pow) || defined (__stub___pow)
| choke me
| #else
| char (*f) () = pow;
| #endif
| #ifdef __cplusplus
| }
| #endif
| 
| int
| main ()
| {
| return f != pow;
|   ;
|   return 0;
| }
configure:4457: result: no
configure:4565: creating ./config.status

## ---------------------- ##
## Running config.status. ##
## ---------------------- ##

This file was extended by openglad config.status 0.98, which was
generated by GNU Autoconf 2.57.  Invocation command line was

  CONFIG_FILES    = 
  CONFIG_HEADERS  = 
  CONFIG_LINKS    = 
  CONFIG_COMMANDS = 
  $ ./config.status 

on sark

config.status:669: creating Makefile
config.status:669: creating src/Makefile
config.status:669: creating util/Makefile
config.status:669: creating sound/Makefile
config.status:773: creating src/config.h
config.status:1000: executing default-1 commands

## ---------------- ##
## Cache variables. ##
## ---------------- ##

ac_cv_build=x86_64-unknown-linux-gnu
ac_cv_build_alias=x86_64-unknown-linux-gnu
ac_cv_c_compiler_gnu=yes
ac_cv_cxx_compiler_gnu=yes
ac_cv_env_CC_set=
ac_cv_env_CC_value=
ac_cv_env_CFLAGS_set=
ac_cv_env_CFLAGS_value=
ac_cv_env_CPPFLAGS_set=
ac_cv_env_CPPFLAGS_value=
ac_cv_env_CPP_set=
ac_cv_env_CPP_value=
ac_cv_env_CXXFLAGS_set=
ac_cv_env_CXXFLAGS_value=
ac_cv_env_CXX_set=
ac_cv_env_CXX_value=
ac_cv_env_LDFLAGS_set=
ac_cv_env_LDFLAGS_value=
ac_cv_env_build_alias_set=
ac_cv_env_build_alias_value=
ac_cv_env_host_alias_set=
ac_cv_env_host_alias_value=
ac_cv_env_target_alias_set=
ac_cv_env_target_alias_value=
ac_cv_exeext=
ac_cv_func_malloc_0_nonnull=yes
ac_cv_func_memset=yes
ac_cv_func_pow=no
ac_cv_header_inttypes_h=yes
ac_cv_header_malloc_h=yes
ac_cv_header_memory_h=yes
ac_cv_header_stdc=yes
ac_cv_header_stdint_h=yes
ac_cv_header_stdlib_h=yes
ac_cv_header_string_h=yes
ac_cv_header_strings_h=yes
ac_cv_header_sys_stat_h=yes
ac_cv_header_sys_types_h=yes
ac_cv_header_unistd_h=yes
ac_cv_host=x86_64-unknown-linux-gnu
ac_cv_host_alias=x86_64-unknown-linux-gnu
ac_cv_lib_SDL_mixer_Mix_OpenAudio=no
ac_cv_objext=o
ac_cv_path_SDL_CONFIG=/usr/bin/sdl-config
ac_cv_path_install='/usr/bin/install -c'
ac_cv_prog_AWK=gawk
ac_cv_prog_CPP='gcc -E'
ac_cv_prog_ac_ct_CC=gcc
ac_cv_prog_ac_ct_CXX=g++
ac_cv_prog_cc_g=yes
ac_cv_prog_cc_stdc=
ac_cv_prog_cxx_g=yes
ac_cv_prog_egrep='grep -E'
ac_cv_prog_make_make_set=yes
ac_cv_struct_tm=time.h
ac_cv_target=x86_64-unknown-linux-gnu
ac_cv_target_alias=x86_64-unknown-linux-gnu
am_cv_CC_dependencies_compiler_type=gcc3
am_cv_CXX_dependencies_compiler_type=gcc3

## ----------------- ##
## Output variables. ##
## ----------------- ##

ACLOCAL='${SHELL} /home/sark/Desktop/android_project/openglad/jni/openglad/missing --run aclocal'
AMDEPBACKSLASH='\'
AMDEP_FALSE='#'
AMDEP_TRUE=''
AMTAR='${SHELL} /home/sark/Desktop/android_project/openglad/jni/openglad/missing --run tar'
AUTOCONF='${SHELL} /home/sark/Desktop/android_project/openglad/jni/openglad/missing --run autoconf'
AUTOHEADER='${SHELL} /home/sark/Desktop/android_project/openglad/jni/openglad/missing --run autoheader'
AUTOMAKE='${SHELL} /home/sark/Desktop/android_project/openglad/jni/openglad/missing --run automake'
AWK='gawk'
CC='gcc'
CCDEPMODE='depmode=gcc3'
CFLAGS='-g -O2'
CPP='gcc -E'
CPPFLAGS=''
CXX='g++'
CXXDEPMODE='depmode=gcc3'
CXXFLAGS='-g -O2 -I/usr/include/SDL -D_GNU_SOURCE=1 -D_REENTRANT'
DEFS='-DHAVE_CONFIG_H'
DEPDIR='.deps'
ECHO_C=''
ECHO_N='-n'
ECHO_T=''
EGREP='grep -E'
EXEEXT=''
INSTALL_DATA='${INSTALL} -m 644'
INSTALL_PROGRAM='${INSTALL}'
INSTALL_SCRIPT='${INSTALL}'
INSTALL_STRIP_PROGRAM='${SHELL} $(install_sh) -c -s'
LDFLAGS=''
LIBOBJS=''
LIBS=' -lSDL -lpthread'
LTLIBOBJS=''
MAKEINFO='${SHELL} /home/sark/Desktop/android_project/openglad/jni/openglad/missing --run makeinfo'
OBJEXT='o'
PACKAGE='openglad'
PACKAGE_BUGREPORT=''
PACKAGE_NAME='openglad'
PACKAGE_STRING='openglad 0.98'
PACKAGE_TARNAME='openglad'
PACKAGE_VERSION='0.98'
PATH_SEPARATOR=':'
SDL_CFLAGS='-I/usr/include/SDL -D_GNU_SOURCE=1 -D_REENTRANT'
SDL_CONFIG='/usr/bin/sdl-config'
SDL_LIBS='-lSDL -lpthread'
SET_MAKE=''
SHELL='/bin/sh'
VERSION='0.98'
ac_ct_CC='gcc'
ac_ct_CXX='g++'
am__include='include'
am__quote=''
bindir='/usr/local/games'
build='x86_64-unknown-linux-gnu'
build_alias=''
build_cpu='x86_64'
build_os='linux-gnu'
build_vendor='unknown'
datadir='/usr/local/share/games/openglad'
exec_prefix='/usr/local'
host='x86_64-unknown-linux-gnu'
host_alias=''
host_cpu='x86_64'
host_os='linux-gnu'
host_vendor='unknown'
includedir='${prefix}/include'
infodir='${prefix}/info'
install_sh='/home/sark/Desktop/android_project/openglad/jni/openglad/install-sh'
libdir='${exec_prefix}/lib'
libexecdir='${exec_prefix}/libexec'
localstatedir='${prefix}/var'
mandir='${prefix}/man'
oldincludedir='/usr/include'
prefix='/usr/local'
program_transform_name='s,x,x,'
sbindir='${exec_prefix}/sbin'
sharedstatedir='${prefix}/com'
sysconfdir='/usr/local/etc'
target='x86_64-unknown-linux-gnu'
target_alias=''
target_cpu='x86_64'
target_os='linux-gnu'
target_vendor='unknown'

## ----------- ##
## confdefs.h. ##
## ----------- ##

#define DATADIR "/usr/local/share/games/openglad/"
#define HAVE_INTTYPES_H 1
#define HAVE_MALLOC 1
#define HAVE_MALLOC_H 1
#define HAVE_MEMORY_H 1
#define HAVE_MEMSET 1
#define HAVE_STDINT_H 1
#define HAVE_STDLIB_H 1
#define HAVE_STDLIB_H 1
#define HAVE_STDLIB_H 1
#define HAVE_STRINGS_H 1
#define HAVE_STRING_H 1
#define HAVE_STRING_H 1
#define HAVE_SYS_STAT_H 1
#define HAVE_SYS_TYPES_H 1
#define HAVE_UNISTD_H 1
#define PACKAGE "openglad"
#define PACKAGE_BUGREPORT ""
#define PACKAGE_NAME "openglad"
#define PACKAGE_STRING "openglad 0.98"
#define PACKAGE_TARNAME "openglad"
#define PACKAGE_VERSION "0.98"
#define STDC_HEADERS 1
#define SYSCONFDIR "/usr/local/etc/"
#define VERSION "0.98"
#endif
#ifdef __cplusplus
#include <stdlib.h>

configure: exit 0
