This file contains any messages produced by compilers while
running configure, to aid debugging if configure makes a mistake.

It was created by maxr configure 0.2.8, which was
generated by GNU Autoconf 2.67.  Invocation command line was

  $ ./configure 

## --------- ##
## Platform. ##
## --------- ##

hostname = sark
uname -m = x86_64
uname -r = 2.6.35.14-106.fc14.x86_64
uname -s = Linux
uname -v = #1 SMP Wed Nov 23 13:07:52 UTC 2011

/usr/bin/uname -p = unknown
/bin/uname -X     = unknown

/bin/arch              = x86_64
/usr/bin/arch -k       = unknown
/usr/convex/getsysinfo = unknown
/usr/bin/hostinfo      = unknown
/bin/machine           = unknown
/usr/bin/oslevel       = unknown
/bin/universe          = unknown

PATH: /usr/lib64/ccache
PATH: /usr/local/bin
PATH: /usr/bin
PATH: /bin
PATH: /usr/local/sbin
PATH: /usr/sbin
PATH: /sbin
PATH: /home/sark/bin


## ----------- ##
## Core tests. ##
## ----------- ##

configure:2474: checking for a sed that does not truncate output
configure:2538: result: /bin/sed
configure:2559: checking for a BSD-compatible install
configure:2627: result: /usr/bin/install -c
configure:2638: checking whether build environment is sane
configure:2688: result: yes
configure:2829: checking for a thread-safe mkdir -p
configure:2868: result: /bin/mkdir -p
configure:2881: checking for gawk
configure:2897: found /usr/bin/gawk
configure:2908: result: gawk
configure:2919: checking whether make sets $(MAKE)
configure:2941: result: yes
configure:3069: checking for gcc
configure:3085: found /usr/lib64/ccache/gcc
configure:3096: result: gcc
configure:3325: checking for C compiler version
configure:3334: gcc --version >&5
gcc (GCC) 4.5.1 20100924 (Red Hat 4.5.1-4)
Copyright (C) 2010 Free Software Foundation, Inc.
This is free software; see the source for copying conditions.  There is NO
warranty; not even for MERCHANTABILITY or FITNESS FOR A PARTICULAR PURPOSE.

configure:3345: $? = 0
configure:3334: gcc -v >&5
Using built-in specs.
COLLECT_GCC=/usr/bin/gcc
COLLECT_LTO_WRAPPER=/usr/libexec/gcc/x86_64-redhat-linux/4.5.1/lto-wrapper
Target: x86_64-redhat-linux
Configured with: ../configure --prefix=/usr --mandir=/usr/share/man --infodir=/usr/share/info --with-bugurl=http://bugzilla.redhat.com/bugzilla --enable-bootstrap --enable-shared --enable-threads=posix --enable-checking=release --with-system-zlib --enable-__cxa_atexit --disable-libunwind-exceptions --enable-gnu-unique-object --enable-linker-build-id --enable-languages=c,c++,objc,obj-c++,java,fortran,ada,lto --enable-plugin --enable-java-awt=gtk --disable-dssi --with-java-home=/usr/lib/jvm/java-1.5.0-gcj-1.5.0.0/jre --enable-libgcj-multifile --enable-java-maintainer-mode --with-ecj-jar=/usr/share/java/eclipse-ecj.jar --disable-libjava-multilib --with-ppl --with-cloog --with-tune=generic --with-arch_32=i686 --build=x86_64-redhat-linux
Thread model: posix
gcc version 4.5.1 20100924 (Red Hat 4.5.1-4) (GCC) 
configure:3345: $? = 0
configure:3334: gcc -V >&5
gcc: '-V' option must have argument
configure:3345: $? = 1
configure:3334: gcc -qversion >&5
gcc: unrecognized option '-qversion'
gcc: no input files
configure:3345: $? = 1
configure:3365: checking whether the C compiler works
configure:3387: gcc    conftest.c  >&5
configure:3391: $? = 0
configure:3439: result: yes
configure:3442: checking for C compiler default output file name
configure:3444: result: a.out
configure:3450: checking for suffix of executables
configure:3457: gcc -o conftest    conftest.c  >&5
configure:3461: $? = 0
configure:3483: result: 
configure:3505: checking whether we are cross compiling
configure:3513: gcc -o conftest    conftest.c  >&5
configure:3517: $? = 0
configure:3524: ./conftest
configure:3528: $? = 0
configure:3543: result: no
configure:3548: checking for suffix of object files
configure:3570: gcc -c   conftest.c >&5
configure:3574: $? = 0
configure:3595: result: o
configure:3599: checking whether we are using the GNU C compiler
configure:3618: gcc -c   conftest.c >&5
configure:3618: $? = 0
configure:3627: result: yes
configure:3636: checking whether gcc accepts -g
configure:3656: gcc -c -g  conftest.c >&5
configure:3656: $? = 0
configure:3697: result: yes
configure:3714: checking for gcc option to accept ISO C89
configure:3778: gcc  -c -g -O2  conftest.c >&5
configure:3778: $? = 0
configure:3791: result: none needed
configure:3822: checking for style of include used by make
configure:3850: result: GNU
configure:3875: checking dependency style of gcc
configure:3985: result: gcc3
configure:4064: checking for g++
configure:4080: found /usr/lib64/ccache/g++
configure:4091: result: g++
configure:4118: checking for C++ compiler version
configure:4127: g++ --version >&5
g++ (GCC) 4.5.1 20100924 (Red Hat 4.5.1-4)
Copyright (C) 2010 Free Software Foundation, Inc.
This is free software; see the source for copying conditions.  There is NO
warranty; not even for MERCHANTABILITY or FITNESS FOR A PARTICULAR PURPOSE.

configure:4138: $? = 0
configure:4127: g++ -v >&5
Using built-in specs.
COLLECT_GCC=/usr/bin/g++
COLLECT_LTO_WRAPPER=/usr/libexec/gcc/x86_64-redhat-linux/4.5.1/lto-wrapper
Target: x86_64-redhat-linux
Configured with: ../configure --prefix=/usr --mandir=/usr/share/man --infodir=/usr/share/info --with-bugurl=http://bugzilla.redhat.com/bugzilla --enable-bootstrap --enable-shared --enable-threads=posix --enable-checking=release --with-system-zlib --enable-__cxa_atexit --disable-libunwind-exceptions --enable-gnu-unique-object --enable-linker-build-id --enable-languages=c,c++,objc,obj-c++,java,fortran,ada,lto --enable-plugin --enable-java-awt=gtk --disable-dssi --with-java-home=/usr/lib/jvm/java-1.5.0-gcj-1.5.0.0/jre --enable-libgcj-multifile --enable-java-maintainer-mode --with-ecj-jar=/usr/share/java/eclipse-ecj.jar --disable-libjava-multilib --with-ppl --with-cloog --with-tune=generic --with-arch_32=i686 --build=x86_64-redhat-linux
Thread model: posix
gcc version 4.5.1 20100924 (Red Hat 4.5.1-4) (GCC) 
configure:4138: $? = 0
configure:4127: g++ -V >&5
g++: '-V' option must have argument
configure:4138: $? = 1
configure:4127: g++ -qversion >&5
g++: unrecognized option '-qversion'
g++: no input files
configure:4138: $? = 1
configure:4142: checking whether we are using the GNU C++ compiler
configure:4161: g++ -c   conftest.cpp >&5
configure:4161: $? = 0
configure:4170: result: yes
configure:4179: checking whether g++ accepts -g
configure:4199: g++ -c -g  conftest.cpp >&5
configure:4199: $? = 0
configure:4240: result: yes
configure:4265: checking dependency style of g++
configure:4375: result: gcc3
configure:4394: checking for gawk
configure:4421: result: gawk
configure:4461: checking build system type
configure:4475: result: x86_64-unknown-linux-gnu
configure:4495: checking host system type
configure:4508: result: x86_64-unknown-linux-gnu
configure:4528: checking for a sed that does not truncate output
configure:4592: result: /bin/sed
configure:4610: checking for grep that handles long lines and -e
configure:4668: result: /bin/grep
configure:4673: checking for egrep
configure:4735: result: /bin/grep -E
configure:4740: checking for fgrep
configure:4802: result: /bin/grep -F
configure:4837: checking for ld used by gcc
configure:4904: result: /usr/bin/ld
configure:4911: checking if the linker (/usr/bin/ld) is GNU ld
configure:4926: result: yes
configure:4938: checking for BSD- or MS-compatible name lister (nm)
configure:4987: result: /usr/bin/nm -B
configure:5105: checking the name lister (/usr/bin/nm -B) interface
configure:5112: g++ -c -g -O2  conftest.cpp >&5
configure:5115: /usr/bin/nm -B "conftest.o"
configure:5118: output
0000000000000000 B some_variable
configure:5125: result: BSD nm
configure:5128: checking whether ln -s works
configure:5132: result: yes
configure:5140: checking the maximum length of command line arguments
configure:5260: result: 1572864
configure:5277: checking whether the shell understands some XSI constructs
configure:5287: result: yes
configure:5291: checking whether the shell understands "+="
configure:5297: result: yes
configure:5332: checking for /usr/bin/ld option to reload object files
configure:5339: result: -r
configure:5408: checking for objdump
configure:5424: found /usr/bin/objdump
configure:5435: result: objdump
configure:5467: checking how to recognize dependent libraries
configure:5663: result: pass_all
configure:5723: checking for ar
configure:5739: found /usr/bin/ar
configure:5750: result: ar
configure:5828: checking for strip
configure:5844: found /usr/bin/strip
configure:5855: result: strip
configure:5927: checking for ranlib
configure:5943: found /usr/bin/ranlib
configure:5954: result: ranlib
configure:6044: checking command to parse /usr/bin/nm -B output from gcc object
configure:6162: g++ -c -g -O2  conftest.cpp >&5
configure:6165: $? = 0
configure:6169: /usr/bin/nm -B conftest.o \| sed -n -e 's/^.*[	 ]\([ABCDGIRSTW][ABCDGIRSTW]*\)[	 ][	 ]*\([_A-Za-z][_A-Za-z0-9]*\)$/\1 \2 \2/p' \> conftest.nm
configure:6172: $? = 0
configure:6226: g++ -o conftest -g -O2   conftest.cpp conftstm.o >&5
configure:6229: $? = 0
configure:6267: result: ok
configure:6363: g++ -c -g -O2  conftest.cpp >&5
configure:6366: $? = 0
configure:7076: checking how to run the C preprocessor
configure:7107: gcc -E  conftest.c
configure:7107: $? = 0
configure:7121: gcc -E  conftest.c
conftest.c:11:28: fatal error: ac_nonexistent.h: No such file or directory
compilation terminated.
configure:7121: $? = 1
configure: failed program was:
| /* confdefs.h */
| #define PACKAGE_NAME "maxr"
| #define PACKAGE_TARNAME "maxr"
| #define PACKAGE_VERSION "0.2.8"
| #define PACKAGE_STRING "maxr 0.2.8"
| #define PACKAGE_BUGREPORT "bugs@maxr.org"
| #define PACKAGE_URL ""
| #define PACKAGE "maxr"
| #define VERSION "0.2.8"
| /* end confdefs.h.  */
| #include <ac_nonexistent.h>
configure:7146: result: gcc -E
configure:7166: gcc -E  conftest.c
configure:7166: $? = 0
configure:7180: gcc -E  conftest.c
conftest.c:11:28: fatal error: ac_nonexistent.h: No such file or directory
compilation terminated.
configure:7180: $? = 1
configure: failed program was:
| /* confdefs.h */
| #define PACKAGE_NAME "maxr"
| #define PACKAGE_TARNAME "maxr"
| #define PACKAGE_VERSION "0.2.8"
| #define PACKAGE_STRING "maxr 0.2.8"
| #define PACKAGE_BUGREPORT "bugs@maxr.org"
| #define PACKAGE_URL ""
| #define PACKAGE "maxr"
| #define VERSION "0.2.8"
| /* end confdefs.h.  */
| #include <ac_nonexistent.h>
configure:7209: checking for ANSI C header files
configure:7229: gcc -c -g -O2  conftest.c >&5
configure:7229: $? = 0
configure:7302: gcc -o conftest -g -O2   conftest.c  >&5
configure:7302: $? = 0
configure:7302: ./conftest
configure:7302: $? = 0
configure:7313: result: yes
configure:7326: checking for sys/types.h
configure:7326: gcc -c -g -O2  conftest.c >&5
configure:7326: $? = 0
configure:7326: result: yes
configure:7326: checking for sys/stat.h
configure:7326: gcc -c -g -O2  conftest.c >&5
configure:7326: $? = 0
configure:7326: result: yes
configure:7326: checking for stdlib.h
configure:7326: gcc -c -g -O2  conftest.c >&5
configure:7326: $? = 0
configure:7326: result: yes
configure:7326: checking for string.h
configure:7326: gcc -c -g -O2  conftest.c >&5
configure:7326: $? = 0
configure:7326: result: yes
configure:7326: checking for memory.h
configure:7326: gcc -c -g -O2  conftest.c >&5
configure:7326: $? = 0
configure:7326: result: yes
configure:7326: checking for strings.h
configure:7326: gcc -c -g -O2  conftest.c >&5
configure:7326: $? = 0
configure:7326: result: yes
configure:7326: checking for inttypes.h
configure:7326: gcc -c -g -O2  conftest.c >&5
configure:7326: $? = 0
configure:7326: result: yes
configure:7326: checking for stdint.h
configure:7326: gcc -c -g -O2  conftest.c >&5
configure:7326: $? = 0
configure:7326: result: yes
configure:7326: checking for unistd.h
configure:7326: gcc -c -g -O2  conftest.c >&5
configure:7326: $? = 0
configure:7326: result: yes
configure:7340: checking for dlfcn.h
configure:7340: gcc -c -g -O2  conftest.c >&5
configure:7340: $? = 0
configure:7340: result: yes
configure:7465: checking for C++ compiler version
configure:7474: g++ --version >&5
g++ (GCC) 4.5.1 20100924 (Red Hat 4.5.1-4)
Copyright (C) 2010 Free Software Foundation, Inc.
This is free software; see the source for copying conditions.  There is NO
warranty; not even for MERCHANTABILITY or FITNESS FOR A PARTICULAR PURPOSE.

configure:7485: $? = 0
configure:7474: g++ -v >&5
Using built-in specs.
COLLECT_GCC=/usr/bin/g++
COLLECT_LTO_WRAPPER=/usr/libexec/gcc/x86_64-redhat-linux/4.5.1/lto-wrapper
Target: x86_64-redhat-linux
Configured with: ../configure --prefix=/usr --mandir=/usr/share/man --infodir=/usr/share/info --with-bugurl=http://bugzilla.redhat.com/bugzilla --enable-bootstrap --enable-shared --enable-threads=posix --enable-checking=release --with-system-zlib --enable-__cxa_atexit --disable-libunwind-exceptions --enable-gnu-unique-object --enable-linker-build-id --enable-languages=c,c++,objc,obj-c++,java,fortran,ada,lto --enable-plugin --enable-java-awt=gtk --disable-dssi --with-java-home=/usr/lib/jvm/java-1.5.0-gcj-1.5.0.0/jre --enable-libgcj-multifile --enable-java-maintainer-mode --with-ecj-jar=/usr/share/java/eclipse-ecj.jar --disable-libjava-multilib --with-ppl --with-cloog --with-tune=generic --with-arch_32=i686 --build=x86_64-redhat-linux
Thread model: posix
gcc version 4.5.1 20100924 (Red Hat 4.5.1-4) (GCC) 
configure:7485: $? = 0
configure:7474: g++ -V >&5
g++: '-V' option must have argument
configure:7485: $? = 1
configure:7474: g++ -qversion >&5
g++: unrecognized option '-qversion'
g++: no input files
configure:7485: $? = 1
configure:7489: checking whether we are using the GNU C++ compiler
configure:7517: result: yes
configure:7526: checking whether g++ accepts -g
configure:7587: result: yes
configure:7612: checking dependency style of g++
configure:7722: result: gcc3
configure:7745: checking how to run the C++ preprocessor
configure:7772: g++ -E  conftest.cpp
configure:7772: $? = 0
configure:7786: g++ -E  conftest.cpp
conftest.cpp:22:28: fatal error: ac_nonexistent.h: No such file or directory
compilation terminated.
configure:7786: $? = 1
configure: failed program was:
| /* confdefs.h */
| #define PACKAGE_NAME "maxr"
| #define PACKAGE_TARNAME "maxr"
| #define PACKAGE_VERSION "0.2.8"
| #define PACKAGE_STRING "maxr 0.2.8"
| #define PACKAGE_BUGREPORT "bugs@maxr.org"
| #define PACKAGE_URL ""
| #define PACKAGE "maxr"
| #define VERSION "0.2.8"
| #define STDC_HEADERS 1
| #define HAVE_SYS_TYPES_H 1
| #define HAVE_SYS_STAT_H 1
| #define HAVE_STDLIB_H 1
| #define HAVE_STRING_H 1
| #define HAVE_MEMORY_H 1
| #define HAVE_STRINGS_H 1
| #define HAVE_INTTYPES_H 1
| #define HAVE_STDINT_H 1
| #define HAVE_UNISTD_H 1
| #define HAVE_DLFCN_H 1
| /* end confdefs.h.  */
| #include <ac_nonexistent.h>
configure:7811: result: g++ -E
configure:7831: g++ -E  conftest.cpp
configure:7831: $? = 0
configure:7845: g++ -E  conftest.cpp
conftest.cpp:22:28: fatal error: ac_nonexistent.h: No such file or directory
compilation terminated.
configure:7845: $? = 1
configure: failed program was:
| /* confdefs.h */
| #define PACKAGE_NAME "maxr"
| #define PACKAGE_TARNAME "maxr"
| #define PACKAGE_VERSION "0.2.8"
| #define PACKAGE_STRING "maxr 0.2.8"
| #define PACKAGE_BUGREPORT "bugs@maxr.org"
| #define PACKAGE_URL ""
| #define PACKAGE "maxr"
| #define VERSION "0.2.8"
| #define STDC_HEADERS 1
| #define HAVE_SYS_TYPES_H 1
| #define HAVE_SYS_STAT_H 1
| #define HAVE_STDLIB_H 1
| #define HAVE_STRING_H 1
| #define HAVE_MEMORY_H 1
| #define HAVE_STRINGS_H 1
| #define HAVE_INTTYPES_H 1
| #define HAVE_STDINT_H 1
| #define HAVE_UNISTD_H 1
| #define HAVE_DLFCN_H 1
| /* end confdefs.h.  */
| #include <ac_nonexistent.h>
configure:8051: checking for objdir
configure:8066: result: .libs
configure:8358: checking if gcc supports -fno-rtti -fno-exceptions
configure:8376: gcc -c -g -O2  -fno-rtti -fno-exceptions conftest.c >&5
cc1: warning: command line option "-fno-rtti" is valid for C++/ObjC++ but not for C
cc1: warning: command line option "-fno-rtti" is valid for C++/ObjC++ but not for C
configure:8380: $? = 0
configure:8393: result: no
configure:8413: checking for gcc option to produce PIC
configure:8685: result: -fPIC -DPIC
configure:8697: checking if gcc PIC flag -fPIC -DPIC works
configure:8715: gcc -c -g -O2  -fPIC -DPIC -DPIC conftest.c >&5
configure:8719: $? = 0
configure:8732: result: yes
configure:8756: checking if gcc static flag -static works
configure:8784: result: no
configure:8799: checking if gcc supports -c -o file.o
configure:8820: gcc -c -g -O2  -o out/conftest2.o conftest.c >&5
configure:8824: $? = 0
configure:8846: result: yes
configure:8854: checking if gcc supports -c -o file.o
configure:8901: result: yes
configure:8934: checking whether the gcc linker (/usr/bin/ld -m elf_x86_64) supports shared libraries
configure:9925: result: yes
configure:9962: checking whether -lc should be explicitly linked in
configure:9967: gcc -c -g -O2  conftest.c >&5
configure:9970: $? = 0
configure:9985: gcc -shared conftest.o  -v -Wl,-soname -Wl,conftest -o conftest 2\>\&1 \| /bin/grep  -lc  \>/dev/null 2\>\&1
configure:9988: $? = 0
configure:10000: result: no
configure:10164: checking dynamic linker characteristics
configure:10597: gcc -o conftest -g -O2   -Wl,-rpath -Wl,/foo conftest.c  >&5
configure:10597: $? = 0
configure:10827: result: GNU/Linux ld.so
configure:10929: checking how to hardcode library paths into programs
configure:10954: result: immediate
configure:11474: checking whether stripping libraries is possible
configure:11479: result: yes
configure:11514: checking if libtool supports shared libraries
configure:11516: result: yes
configure:11519: checking whether to build shared libraries
configure:11540: result: yes
configure:11543: checking whether to build static libraries
configure:11547: result: yes
configure:11697: checking for ld used by g++
configure:11764: result: /usr/bin/ld -m elf_x86_64
configure:11771: checking if the linker (/usr/bin/ld -m elf_x86_64) is GNU ld
configure:11786: result: yes
configure:11841: checking whether the g++ linker (/usr/bin/ld -m elf_x86_64) supports shared libraries
configure:12754: result: yes
configure:12782: g++ -c -g -O2  conftest.cpp >&5
configure:12785: $? = 0
configure:12967: checking for g++ option to produce PIC
configure:13284: result: -fPIC -DPIC
configure:13293: checking if g++ PIC flag -fPIC -DPIC works
configure:13311: g++ -c -g -O2  -fPIC -DPIC -DPIC conftest.cpp >&5
configure:13315: $? = 0
configure:13328: result: yes
configure:13349: checking if g++ static flag -static works
configure:13377: result: no
configure:13389: checking if g++ supports -c -o file.o
configure:13410: g++ -c -g -O2  -o out/conftest2.o conftest.cpp >&5
configure:13414: $? = 0
configure:13436: result: yes
configure:13441: checking if g++ supports -c -o file.o
configure:13488: result: yes
configure:13518: checking whether the g++ linker (/usr/bin/ld -m elf_x86_64) supports shared libraries
configure:13547: result: yes
configure:13684: checking dynamic linker characteristics
configure:14065: g++ -o conftest -g -O2   -Wl,-rpath -Wl,/foo conftest.cpp  >&5
configure:14065: $? = 0
configure:14295: result: GNU/Linux ld.so
configure:14346: checking how to hardcode library paths into programs
configure:14371: result: immediate
configure:14438: checking for sdl-config
configure:14454: found /usr/bin/sdl-config
configure:14465: result: sdl-config
configure:14485: checking for SDL_Init in -lSDL
configure:14510: g++ -o conftest -g -O2   conftest.cpp -lSDL   >&5
configure:14510: $? = 0
configure:14519: result: yes
configure:14534: checking SDL/SDL.h usability
configure:14534: g++ -c -g -O2  conftest.cpp >&5
configure:14534: $? = 0
configure:14534: result: yes
configure:14534: checking SDL/SDL.h presence
configure:14534: g++ -E  conftest.cpp
configure:14534: $? = 0
configure:14534: result: yes
configure:14534: checking for SDL/SDL.h
configure:14534: result: yes
configure:14544: checking for Mix_OpenAudio in -lSDL_mixer
configure:14569: g++ -o conftest -g -O2   conftest.cpp -lSDL_mixer   >&5
configure:14569: $? = 0
configure:14578: result: yes
configure:14590: checking SDL/SDL_mixer.h usability
configure:14590: g++ -c -g -O2  conftest.cpp >&5
configure:14590: $? = 0
configure:14590: result: yes
configure:14590: checking SDL/SDL_mixer.h presence
configure:14590: g++ -E  conftest.cpp
configure:14590: $? = 0
configure:14590: result: yes
configure:14590: checking for SDL/SDL_mixer.h
configure:14590: result: yes
configure:14599: checking for SDLNet_Init in -lSDL_net
configure:14624: g++ -o conftest -g -O2   conftest.cpp -lSDL_net   >&5
configure:14624: $? = 0
configure:14633: result: yes
configure:14645: checking SDL/SDL_net.h usability
configure:14645: g++ -c -g -O2  conftest.cpp >&5
configure:14645: $? = 0
configure:14645: result: yes
configure:14645: checking SDL/SDL_net.h presence
configure:14645: g++ -E  conftest.cpp
configure:14645: $? = 0
configure:14645: result: yes
configure:14645: checking for SDL/SDL_net.h
configure:14645: result: yes
configure:14786: creating ./config.status

## ---------------------- ##
## Running config.status. ##
## ---------------------- ##

This file was extended by maxr config.status 0.2.8, which was
generated by GNU Autoconf 2.67.  Invocation command line was

  CONFIG_FILES    = 
  CONFIG_HEADERS  = 
  CONFIG_LINKS    = 
  CONFIG_COMMANDS = 
  $ ./config.status 

on sark

config.status:1136: creating Makefile
config.status:1136: creating src/Makefile
config.status:1136: creating config.h
config.status:1364: executing depfiles commands
config.status:1364: executing libtool commands

## ---------------- ##
## Cache variables. ##
## ---------------- ##

ac_cv_build=x86_64-unknown-linux-gnu
ac_cv_c_compiler_gnu=yes
ac_cv_cxx_compiler_gnu=yes
ac_cv_env_CCC_set=
ac_cv_env_CCC_value=
ac_cv_env_CC_set=
ac_cv_env_CC_value=
ac_cv_env_CFLAGS_set=
ac_cv_env_CFLAGS_value=
ac_cv_env_CPPFLAGS_set=
ac_cv_env_CPPFLAGS_value=
ac_cv_env_CPP_set=
ac_cv_env_CPP_value=
ac_cv_env_CXXCPP_set=
ac_cv_env_CXXCPP_value=
ac_cv_env_CXXFLAGS_set=
ac_cv_env_CXXFLAGS_value=
ac_cv_env_CXX_set=
ac_cv_env_CXX_value=
ac_cv_env_LDFLAGS_set=
ac_cv_env_LDFLAGS_value=
ac_cv_env_LIBS_set=
ac_cv_env_LIBS_value=
ac_cv_env_build_alias_set=
ac_cv_env_build_alias_value=
ac_cv_env_host_alias_set=
ac_cv_env_host_alias_value=
ac_cv_env_target_alias_set=
ac_cv_env_target_alias_value=
ac_cv_header_SDL_SDL_h=yes
ac_cv_header_SDL_SDL_mixer_h=yes
ac_cv_header_SDL_SDL_net_h=yes
ac_cv_header_dlfcn_h=yes
ac_cv_header_inttypes_h=yes
ac_cv_header_memory_h=yes
ac_cv_header_stdc=yes
ac_cv_header_stdint_h=yes
ac_cv_header_stdlib_h=yes
ac_cv_header_string_h=yes
ac_cv_header_strings_h=yes
ac_cv_header_sys_stat_h=yes
ac_cv_header_sys_types_h=yes
ac_cv_header_unistd_h=yes
ac_cv_host=x86_64-unknown-linux-gnu
ac_cv_lib_SDL_SDL_Init=yes
ac_cv_lib_SDL_mixer_Mix_OpenAudio=yes
ac_cv_lib_SDL_net_SDLNet_Init=yes
ac_cv_objext=o
ac_cv_path_EGREP='/bin/grep -E'
ac_cv_path_FGREP='/bin/grep -F'
ac_cv_path_GREP=/bin/grep
ac_cv_path_SED=/bin/sed
ac_cv_path_install='/usr/bin/install -c'
ac_cv_path_mkdir=/bin/mkdir
ac_cv_prog_AWK=gawk
ac_cv_prog_CPP='gcc -E'
ac_cv_prog_CXXCPP='g++ -E'
ac_cv_prog_SDLCONFIG=sdl-config
ac_cv_prog_ac_ct_AR=ar
ac_cv_prog_ac_ct_CC=gcc
ac_cv_prog_ac_ct_CXX=g++
ac_cv_prog_ac_ct_OBJDUMP=objdump
ac_cv_prog_ac_ct_RANLIB=ranlib
ac_cv_prog_ac_ct_STRIP=strip
ac_cv_prog_cc_c89=
ac_cv_prog_cc_g=yes
ac_cv_prog_cxx_g=yes
ac_cv_prog_make_make_set=yes
am_cv_CC_dependencies_compiler_type=gcc3
am_cv_CXX_dependencies_compiler_type=gcc3
lt_cv_deplibs_check_method=pass_all
lt_cv_file_magic_cmd='$MAGIC_CMD'
lt_cv_file_magic_test_file=
lt_cv_ld_reload_flag=-r
lt_cv_nm_interface='BSD nm'
lt_cv_objdir=.libs
lt_cv_path_LD=/usr/bin/ld
lt_cv_path_LDCXX='/usr/bin/ld -m elf_x86_64'
lt_cv_path_NM='/usr/bin/nm -B'
lt_cv_prog_compiler_c_o=yes
lt_cv_prog_compiler_c_o_CXX=yes
lt_cv_prog_compiler_pic_works=yes
lt_cv_prog_compiler_pic_works_CXX=yes
lt_cv_prog_compiler_rtti_exceptions=no
lt_cv_prog_compiler_static_works=no
lt_cv_prog_compiler_static_works_CXX=no
lt_cv_prog_gnu_ld=yes
lt_cv_prog_gnu_ldcxx=yes
lt_cv_sys_global_symbol_pipe='sed -n -e '\''s/^.*[	 ]\([ABCDGIRSTW][ABCDGIRSTW]*\)[	 ][	 ]*\([_A-Za-z][_A-Za-z0-9]*\)$/\1 \2 \2/p'\'''
lt_cv_sys_global_symbol_to_c_name_address='sed -n -e '\''s/^: \([^ ]*\) $/  {\"\1\", (void *) 0},/p'\'' -e '\''s/^[ABCDGIRSTW]* \([^ ]*\) \([^ ]*\)$/  {"\2", (void *) \&\2},/p'\'''
lt_cv_sys_global_symbol_to_c_name_address_lib_prefix='sed -n -e '\''s/^: \([^ ]*\) $/  {\"\1\", (void *) 0},/p'\'' -e '\''s/^[ABCDGIRSTW]* \([^ ]*\) \(lib[^ ]*\)$/  {"\2", (void *) \&\2},/p'\'' -e '\''s/^[ABCDGIRSTW]* \([^ ]*\) \([^ ]*\)$/  {"lib\2", (void *) \&\2},/p'\'''
lt_cv_sys_global_symbol_to_cdecl='sed -n -e '\''s/^T .* \(.*\)$/extern int \1();/p'\'' -e '\''s/^[ABCDGIRSTW]* .* \(.*\)$/extern char \1;/p'\'''
lt_cv_sys_max_cmd_len=1572864

## ----------------- ##
## Output variables. ##
## ----------------- ##

ACLOCAL='${SHELL} /home/sark/Desktop/android_project/maxr/jni/maxr/build-aux/missing --run aclocal-1.11'
AMDEPBACKSLASH='\'
AMDEP_FALSE='#'
AMDEP_TRUE=''
AMTAR='${SHELL} /home/sark/Desktop/android_project/maxr/jni/maxr/build-aux/missing --run tar'
AR='ar'
AUTOCONF='${SHELL} /home/sark/Desktop/android_project/maxr/jni/maxr/build-aux/missing --run autoconf'
AUTOHEADER='${SHELL} /home/sark/Desktop/android_project/maxr/jni/maxr/build-aux/missing --run autoheader'
AUTOMAKE='${SHELL} /home/sark/Desktop/android_project/maxr/jni/maxr/build-aux/missing --run automake-1.11'
AWK='gawk'
CC='gcc'
CCDEPMODE='depmode=gcc3'
CFLAGS='-g -O2'
CPP='gcc -E'
CPPFLAGS=''
CXX='g++'
CXXCPP='g++ -E'
CXXDEPMODE='depmode=gcc3'
CXXFLAGS='-g -O2'
CYGPATH_W='echo'
DEFS='-DHAVE_CONFIG_H'
DEPDIR='.deps'
DSYMUTIL=''
DUMPBIN=''
ECHO_C=''
ECHO_N='-n'
ECHO_T=''
EGREP='/bin/grep -E'
EXEEXT=''
FGREP='/bin/grep -F'
GREP='/bin/grep'
INSTALL_DATA='${INSTALL} -m 644'
INSTALL_PROGRAM='${INSTALL}'
INSTALL_SCRIPT='${INSTALL}'
INSTALL_STRIP_PROGRAM='$(install_sh) -c -s'
LD='/usr/bin/ld -m elf_x86_64'
LDFLAGS=''
LIBOBJS=''
LIBS=''
LIBSDL_CFLAGS='-I/usr/include/SDL -D_GNU_SOURCE=1 -D_REENTRANT'
LIBTOOL='$(SHELL) $(top_builddir)/libtool'
LIPO=''
LN_S='ln -s'
LTLIBOBJS=''
MAKEINFO='${SHELL} /home/sark/Desktop/android_project/maxr/jni/maxr/build-aux/missing --run makeinfo'
MKDIR_P='/bin/mkdir -p'
NM='/usr/bin/nm -B'
NMEDIT=''
OBJDUMP='objdump'
OBJEXT='o'
OTOOL64=''
OTOOL=''
PACKAGE='maxr'
PACKAGE_BUGREPORT='bugs@maxr.org'
PACKAGE_NAME='maxr'
PACKAGE_STRING='maxr 0.2.8'
PACKAGE_TARNAME='maxr'
PACKAGE_URL=''
PACKAGE_VERSION='0.2.8'
PATH_SEPARATOR=':'
RANLIB='ranlib'
SDLCONFIG='sdl-config'
SDL_LIBS='-lSDL'
SDL_MIXER_LIBS='-lSDL_mixer'
SDL_NET_LIBS='-lSDL_net'
SED='/bin/sed'
SET_MAKE=''
SHELL='/bin/sh'
STRIP='strip'
VERSION='0.2.8'
ac_ct_CC='gcc'
ac_ct_CXX='g++'
ac_ct_DUMPBIN=''
am__EXEEXT_FALSE=''
am__EXEEXT_TRUE='#'
am__fastdepCC_FALSE='#'
am__fastdepCC_TRUE=''
am__fastdepCXX_FALSE='#'
am__fastdepCXX_TRUE=''
am__include='include'
am__isrc=''
am__leading_dot='.'
am__quote=''
am__tar='${AMTAR} chof - "$$tardir"'
am__untar='${AMTAR} xf -'
bindir='${exec_prefix}/bin'
build='x86_64-unknown-linux-gnu'
build_alias=''
build_cpu='x86_64'
build_os='linux-gnu'
build_vendor='unknown'
datadir='${datarootdir}'
datarootdir='${prefix}/share'
docdir='${datarootdir}/doc/${PACKAGE_TARNAME}'
dvidir='${docdir}'
exec_prefix='${prefix}'
host='x86_64-unknown-linux-gnu'
host_alias=''
host_cpu='x86_64'
host_os='linux-gnu'
host_vendor='unknown'
htmldir='${docdir}'
includedir='${prefix}/include'
infodir='${datarootdir}/info'
install_sh='${SHELL} /home/sark/Desktop/android_project/maxr/jni/maxr/build-aux/install-sh'
libdir='${exec_prefix}/lib'
libexecdir='${exec_prefix}/libexec'
localedir='${datarootdir}/locale'
localstatedir='${prefix}/var'
lt_ECHO='echo'
mandir='${datarootdir}/man'
mkdir_p='/bin/mkdir -p'
oldincludedir='/usr/include'
pdfdir='${docdir}'
prefix='/usr/local'
program_transform_name='s,x,x,'
psdir='${docdir}'
sbindir='${exec_prefix}/sbin'
sharedstatedir='${prefix}/com'
sysconfdir='${prefix}/etc'
target_alias=''

## ----------- ##
## confdefs.h. ##
## ----------- ##

/* confdefs.h */
#define PACKAGE_NAME "maxr"
#define PACKAGE_TARNAME "maxr"
#define PACKAGE_VERSION "0.2.8"
#define PACKAGE_STRING "maxr 0.2.8"
#define PACKAGE_BUGREPORT "bugs@maxr.org"
#define PACKAGE_URL ""
#define PACKAGE "maxr"
#define VERSION "0.2.8"
#define STDC_HEADERS 1
#define HAVE_SYS_TYPES_H 1
#define HAVE_SYS_STAT_H 1
#define HAVE_STDLIB_H 1
#define HAVE_STRING_H 1
#define HAVE_MEMORY_H 1
#define HAVE_STRINGS_H 1
#define HAVE_INTTYPES_H 1
#define HAVE_STDINT_H 1
#define HAVE_UNISTD_H 1
#define HAVE_DLFCN_H 1
#define LT_OBJDIR ".libs/"

configure: exit 0
